<?xml version="1.0" encoding="UTF-8"?>
<testsuite name="is.ru.stringcalculator.CalculatorTest" tests="9" skipped="0" failures="0" errors="0" timestamp="2017-10-14T01:13:23" hostname="DESKTOP-HNN7JLQ" time="0.005">
  <properties/>
  <testcase name="testManyNumbers" classname="is.ru.stringcalculator.CalculatorTest" time="0.003"/>
  <testcase name="testOneNumberNegative" classname="is.ru.stringcalculator.CalculatorTest" time="0.0"/>
  <testcase name="testEmptyString" classname="is.ru.stringcalculator.CalculatorTest" time="0.0"/>
  <testcase name="testManyNumbersOver1000" classname="is.ru.stringcalculator.CalculatorTest" time="0.001"/>
  <testcase name="testNewLine" classname="is.ru.stringcalculator.CalculatorTest" time="0.0"/>
  <testcase name="testManyNumbersNegative" classname="is.ru.stringcalculator.CalculatorTest" time="0.0"/>
  <testcase name="testTwoNumbers" classname="is.ru.stringcalculator.CalculatorTest" time="0.0"/>
  <testcase name="testOneNumberOver1000" classname="is.ru.stringcalculator.CalculatorTest" time="0.0"/>
  <testcase name="testOneNumber" classname="is.ru.stringcalculator.CalculatorTest" time="0.0"/>
  <system-out><![CDATA[]]></system-out>
  <system-err><![CDATA[]]></system-err>
</testsuite>
